[20-Sep-2023 18:04:56 UTC] PHP Deprecated:  Function strftime() is deprecated in C:\xampp\htdocs\serviciosweb\p04\vendor\manoakys\nusoap\lib\class.nusoap_base.php on line 863
[20-Sep-2023 18:04:56 UTC] PHP Deprecated:  Function strftime() is deprecated in C:\xampp\htdocs\serviciosweb\p04\vendor\manoakys\nusoap\lib\class.nusoap_base.php on line 863
[20-Sep-2023 18:04:56 UTC] PHP Deprecated:  Function strftime() is deprecated in C:\xampp\htdocs\serviciosweb\p04\vendor\manoakys\nusoap\lib\class.nusoap_base.php on line 863
[20-Sep-2023 18:04:56 UTC] PHP Deprecated:  Creation of dynamic property wsdl::$serviceName is deprecated in C:\xampp\htdocs\serviciosweb\p04\vendor\manoakys\nusoap\lib\class.soap_server.php on line 1093
[20-Sep-2023 18:04:56 UTC] PHP Deprecated:  Function strftime() is deprecated in C:\xampp\htdocs\serviciosweb\p04\vendor\manoakys\nusoap\lib\class.nusoap_base.php on line 863
[20-Sep-2023 18:04:56 UTC] PHP Deprecated:  Creation of dynamic property soap_server::$encode_utf8 is deprecated in C:\xampp\htdocs\serviciosweb\p04\producto.php on line 23
[20-Sep-2023 18:08:16 UTC] PHP Deprecated:  Function strftime() is deprecated in C:\xampp\htdocs\serviciosweb\p04\vendor\manoakys\nusoap\lib\class.nusoap_base.php on line 863
[20-Sep-2023 18:08:16 UTC] PHP Deprecated:  Function strftime() is deprecated in C:\xampp\htdocs\serviciosweb\p04\vendor\manoakys\nusoap\lib\class.nusoap_base.php on line 863
[20-Sep-2023 18:08:16 UTC] PHP Deprecated:  Function strftime() is deprecated in C:\xampp\htdocs\serviciosweb\p04\vendor\manoakys\nusoap\lib\class.nusoap_base.php on line 863
[20-Sep-2023 18:08:16 UTC] PHP Deprecated:  Creation of dynamic property wsdl::$serviceName is deprecated in C:\xampp\htdocs\serviciosweb\p04\vendor\manoakys\nusoap\lib\class.soap_server.php on line 1093
[20-Sep-2023 18:08:16 UTC] PHP Deprecated:  Function strftime() is deprecated in C:\xampp\htdocs\serviciosweb\p04\vendor\manoakys\nusoap\lib\class.nusoap_base.php on line 863
[20-Sep-2023 18:08:16 UTC] PHP Deprecated:  Creation of dynamic property soap_server::$encode_utf8 is deprecated in C:\xampp\htdocs\serviciosweb\p04\producto.php on line 23
[20-Sep-2023 18:09:11 UTC] PHP Deprecated:  Function strftime() is deprecated in C:\xampp\htdocs\serviciosweb\p04\vendor\manoakys\nusoap\lib\class.nusoap_base.php on line 863
[20-Sep-2023 18:09:11 UTC] PHP Deprecated:  Function strftime() is deprecated in C:\xampp\htdocs\serviciosweb\p04\vendor\manoakys\nusoap\lib\class.nusoap_base.php on line 863
[20-Sep-2023 18:09:11 UTC] PHP Deprecated:  Function strftime() is deprecated in C:\xampp\htdocs\serviciosweb\p04\vendor\manoakys\nusoap\lib\class.nusoap_base.php on line 863
[20-Sep-2023 18:09:11 UTC] PHP Deprecated:  Creation of dynamic property wsdl::$serviceName is deprecated in C:\xampp\htdocs\serviciosweb\p04\vendor\manoakys\nusoap\lib\class.soap_server.php on line 1093
[20-Sep-2023 18:09:11 UTC] PHP Deprecated:  Function strftime() is deprecated in C:\xampp\htdocs\serviciosweb\p04\vendor\manoakys\nusoap\lib\class.nusoap_base.php on line 863
[20-Sep-2023 18:09:11 UTC] PHP Deprecated:  Creation of dynamic property soap_server::$encode_utf8 is deprecated in C:\xampp\htdocs\serviciosweb\p04\producto.php on line 23
[20-Sep-2023 18:09:46 UTC] PHP Deprecated:  Function strftime() is deprecated in C:\xampp\htdocs\serviciosweb\p04\vendor\manoakys\nusoap\lib\class.nusoap_base.php on line 863
[20-Sep-2023 18:09:46 UTC] PHP Deprecated:  Function strftime() is deprecated in C:\xampp\htdocs\serviciosweb\p04\vendor\manoakys\nusoap\lib\class.nusoap_base.php on line 863
[20-Sep-2023 18:09:46 UTC] PHP Deprecated:  Function strftime() is deprecated in C:\xampp\htdocs\serviciosweb\p04\vendor\manoakys\nusoap\lib\class.nusoap_base.php on line 863
[20-Sep-2023 18:09:46 UTC] PHP Deprecated:  Creation of dynamic property wsdl::$serviceName is deprecated in C:\xampp\htdocs\serviciosweb\p04\vendor\manoakys\nusoap\lib\class.soap_server.php on line 1093
[20-Sep-2023 18:09:46 UTC] PHP Deprecated:  Function strftime() is deprecated in C:\xampp\htdocs\serviciosweb\p04\vendor\manoakys\nusoap\lib\class.nusoap_base.php on line 863
[20-Sep-2023 18:09:46 UTC] PHP Deprecated:  Creation of dynamic property soap_server::$encode_utf8 is deprecated in C:\xampp\htdocs\serviciosweb\p04\producto.php on line 23
[20-Sep-2023 18:17:00 UTC] PHP Deprecated:  Function strftime() is deprecated in C:\xampp\htdocs\serviciosweb\p04\vendor\manoakys\nusoap\lib\class.nusoap_base.php on line 863
[20-Sep-2023 18:17:00 UTC] PHP Deprecated:  Function strftime() is deprecated in C:\xampp\htdocs\serviciosweb\p04\vendor\manoakys\nusoap\lib\class.nusoap_base.php on line 863
[20-Sep-2023 18:17:00 UTC] PHP Deprecated:  Function strftime() is deprecated in C:\xampp\htdocs\serviciosweb\p04\vendor\manoakys\nusoap\lib\class.nusoap_base.php on line 863
[20-Sep-2023 18:17:00 UTC] PHP Deprecated:  Creation of dynamic property wsdl::$serviceName is deprecated in C:\xampp\htdocs\serviciosweb\p04\vendor\manoakys\nusoap\lib\class.soap_server.php on line 1093
[20-Sep-2023 18:17:00 UTC] PHP Deprecated:  Function strftime() is deprecated in C:\xampp\htdocs\serviciosweb\p04\vendor\manoakys\nusoap\lib\class.nusoap_base.php on line 863
[20-Sep-2023 18:17:00 UTC] PHP Deprecated:  Creation of dynamic property soap_server::$encode_utf8 is deprecated in C:\xampp\htdocs\serviciosweb\p04\producto.php on line 23
[20-Sep-2023 18:17:11 UTC] PHP Deprecated:  Function strftime() is deprecated in C:\xampp\htdocs\serviciosweb\p04\vendor\manoakys\nusoap\lib\class.nusoap_base.php on line 863
[20-Sep-2023 18:17:11 UTC] PHP Deprecated:  Function strftime() is deprecated in C:\xampp\htdocs\serviciosweb\p04\vendor\manoakys\nusoap\lib\class.nusoap_base.php on line 863
[20-Sep-2023 18:17:11 UTC] PHP Deprecated:  Function strftime() is deprecated in C:\xampp\htdocs\serviciosweb\p04\vendor\manoakys\nusoap\lib\class.nusoap_base.php on line 863
[20-Sep-2023 18:17:11 UTC] PHP Deprecated:  Creation of dynamic property wsdl::$serviceName is deprecated in C:\xampp\htdocs\serviciosweb\p04\vendor\manoakys\nusoap\lib\class.soap_server.php on line 1093
[20-Sep-2023 18:17:11 UTC] PHP Deprecated:  Function strftime() is deprecated in C:\xampp\htdocs\serviciosweb\p04\vendor\manoakys\nusoap\lib\class.nusoap_base.php on line 863
[20-Sep-2023 18:17:11 UTC] PHP Deprecated:  Creation of dynamic property soap_server::$encode_utf8 is deprecated in C:\xampp\htdocs\serviciosweb\p04\producto.php on line 23
[20-Sep-2023 18:18:52 UTC] PHP Deprecated:  Function strftime() is deprecated in C:\xampp\htdocs\serviciosweb\p04\vendor\manoakys\nusoap\lib\class.nusoap_base.php on line 863
[20-Sep-2023 18:18:52 UTC] PHP Deprecated:  Function strftime() is deprecated in C:\xampp\htdocs\serviciosweb\p04\vendor\manoakys\nusoap\lib\class.nusoap_base.php on line 863
[20-Sep-2023 18:18:52 UTC] PHP Deprecated:  Function strftime() is deprecated in C:\xampp\htdocs\serviciosweb\p04\vendor\manoakys\nusoap\lib\class.nusoap_base.php on line 863
[20-Sep-2023 18:18:52 UTC] PHP Deprecated:  Creation of dynamic property wsdl::$serviceName is deprecated in C:\xampp\htdocs\serviciosweb\p04\vendor\manoakys\nusoap\lib\class.soap_server.php on line 1093
[20-Sep-2023 18:18:52 UTC] PHP Deprecated:  Function strftime() is deprecated in C:\xampp\htdocs\serviciosweb\p04\vendor\manoakys\nusoap\lib\class.nusoap_base.php on line 863
[20-Sep-2023 18:18:52 UTC] PHP Deprecated:  Creation of dynamic property soap_server::$encode_utf8 is deprecated in C:\xampp\htdocs\serviciosweb\p04\producto.php on line 23
[20-Sep-2023 18:25:28 UTC] PHP Deprecated:  Function strftime() is deprecated in C:\xampp\htdocs\serviciosweb\p04\vendor\manoakys\nusoap\lib\class.nusoap_base.php on line 863
[20-Sep-2023 18:25:28 UTC] PHP Deprecated:  Function strftime() is deprecated in C:\xampp\htdocs\serviciosweb\p04\vendor\manoakys\nusoap\lib\class.nusoap_base.php on line 863
[20-Sep-2023 18:25:28 UTC] PHP Deprecated:  Function strftime() is deprecated in C:\xampp\htdocs\serviciosweb\p04\vendor\manoakys\nusoap\lib\class.nusoap_base.php on line 863
[20-Sep-2023 18:25:28 UTC] PHP Deprecated:  Creation of dynamic property wsdl::$serviceName is deprecated in C:\xampp\htdocs\serviciosweb\p04\vendor\manoakys\nusoap\lib\class.soap_server.php on line 1093
[20-Sep-2023 18:25:28 UTC] PHP Deprecated:  Function strftime() is deprecated in C:\xampp\htdocs\serviciosweb\p04\vendor\manoakys\nusoap\lib\class.nusoap_base.php on line 863
[20-Sep-2023 18:25:28 UTC] PHP Deprecated:  Creation of dynamic property soap_server::$encode_utf8 is deprecated in C:\xampp\htdocs\serviciosweb\p04\producto.php on line 23
[20-Sep-2023 17:00:39 America/Mexico_City] PHP Fatal error:  Uncaught TypeError: Cannot access offset of type string on string in C:\xampp\htdocs\serviciosweb\p04\producto.php:72
Stack trace:
#0 C:\xampp\htdocs\serviciosweb\p04\vendor\manoakys\nusoap\lib\class.soap_server.php(629): getProd('libros')
#1 C:\xampp\htdocs\serviciosweb\p04\vendor\manoakys\nusoap\lib\class.soap_server.php(260): nusoap_server->invoke_method()
#2 C:\xampp\htdocs\serviciosweb\p04\producto.php(105): nusoap_server->service('<soapenv:Envelo...')
#3 {main}
  thrown in C:\xampp\htdocs\serviciosweb\p04\producto.php on line 72
[20-Sep-2023 17:14:36 America/Mexico_City] PHP Fatal error:  Uncaught TypeError: Cannot access offset of type string on string in C:\xampp\htdocs\serviciosweb\p04\producto.php:71
Stack trace:
#0 C:\xampp\htdocs\serviciosweb\p04\vendor\manoakys\nusoap\lib\class.soap_server.php(629): getProd('libros')
#1 C:\xampp\htdocs\serviciosweb\p04\vendor\manoakys\nusoap\lib\class.soap_server.php(260): nusoap_server->invoke_method()
#2 C:\xampp\htdocs\serviciosweb\p04\producto.php(104): nusoap_server->service('<soapenv:Envelo...')
#3 {main}
  thrown in C:\xampp\htdocs\serviciosweb\p04\producto.php on line 71
[20-Sep-2023 18:55:11 America/Mexico_City] PHP Fatal error:  Uncaught TypeError: htmlspecialchars(): Argument #1 ($string) must be of type string, array given in C:\xampp\htdocs\serviciosweb\p04\vendor\manoakys\nusoap\lib\class.wsdl.php:997
Stack trace:
#0 C:\xampp\htdocs\serviciosweb\p04\vendor\manoakys\nusoap\lib\class.wsdl.php(997): htmlspecialchars(Array)
#1 C:\xampp\htdocs\serviciosweb\p04\vendor\manoakys\nusoap\lib\class.soap_server.php(287): wsdl->serialize(false)
#2 C:\xampp\htdocs\serviciosweb\p04\producto.php(160): nusoap_server->service('')
#3 {main}
  thrown in C:\xampp\htdocs\serviciosweb\p04\vendor\manoakys\nusoap\lib\class.wsdl.php on line 997
[20-Sep-2023 18:55:32 America/Mexico_City] PHP Fatal error:  Uncaught TypeError: htmlspecialchars(): Argument #1 ($string) must be of type string, array given in C:\xampp\htdocs\serviciosweb\p04\vendor\manoakys\nusoap\lib\class.wsdl.php:997
Stack trace:
#0 C:\xampp\htdocs\serviciosweb\p04\vendor\manoakys\nusoap\lib\class.wsdl.php(997): htmlspecialchars(Array)
#1 C:\xampp\htdocs\serviciosweb\p04\vendor\manoakys\nusoap\lib\class.soap_server.php(287): wsdl->serialize(false)
#2 C:\xampp\htdocs\serviciosweb\p04\producto.php(160): nusoap_server->service('')
#3 {main}
  thrown in C:\xampp\htdocs\serviciosweb\p04\vendor\manoakys\nusoap\lib\class.wsdl.php on line 997
[20-Sep-2023 19:00:02 America/Mexico_City] PHP Fatal error:  Uncaught TypeError: htmlspecialchars(): Argument #1 ($string) must be of type string, array given in C:\xampp\htdocs\serviciosweb\p04\vendor\manoakys\nusoap\lib\class.wsdl.php:997
Stack trace:
#0 C:\xampp\htdocs\serviciosweb\p04\vendor\manoakys\nusoap\lib\class.wsdl.php(997): htmlspecialchars(Array)
#1 C:\xampp\htdocs\serviciosweb\p04\vendor\manoakys\nusoap\lib\class.soap_server.php(287): wsdl->serialize(false)
#2 C:\xampp\htdocs\serviciosweb\p04\producto.php(164): nusoap_server->service('')
#3 {main}
  thrown in C:\xampp\htdocs\serviciosweb\p04\vendor\manoakys\nusoap\lib\class.wsdl.php on line 997
[20-Sep-2023 19:02:07 America/Mexico_City] PHP Fatal error:  Uncaught TypeError: htmlspecialchars(): Argument #1 ($string) must be of type string, array given in C:\xampp\htdocs\serviciosweb\p04\vendor\manoakys\nusoap\lib\class.wsdl.php:997
Stack trace:
#0 C:\xampp\htdocs\serviciosweb\p04\vendor\manoakys\nusoap\lib\class.wsdl.php(997): htmlspecialchars(Array)
#1 C:\xampp\htdocs\serviciosweb\p04\vendor\manoakys\nusoap\lib\class.soap_server.php(287): wsdl->serialize(false)
#2 C:\xampp\htdocs\serviciosweb\p04\producto.php(164): nusoap_server->service('')
#3 {main}
  thrown in C:\xampp\htdocs\serviciosweb\p04\vendor\manoakys\nusoap\lib\class.wsdl.php on line 997
[20-Sep-2023 19:02:08 America/Mexico_City] PHP Fatal error:  Uncaught TypeError: htmlspecialchars(): Argument #1 ($string) must be of type string, array given in C:\xampp\htdocs\serviciosweb\p04\vendor\manoakys\nusoap\lib\class.wsdl.php:997
Stack trace:
#0 C:\xampp\htdocs\serviciosweb\p04\vendor\manoakys\nusoap\lib\class.wsdl.php(997): htmlspecialchars(Array)
#1 C:\xampp\htdocs\serviciosweb\p04\vendor\manoakys\nusoap\lib\class.soap_server.php(287): wsdl->serialize(false)
#2 C:\xampp\htdocs\serviciosweb\p04\producto.php(164): nusoap_server->service('')
#3 {main}
  thrown in C:\xampp\htdocs\serviciosweb\p04\vendor\manoakys\nusoap\lib\class.wsdl.php on line 997
[20-Sep-2023 19:02:31 America/Mexico_City] PHP Fatal error:  Uncaught TypeError: htmlspecialchars(): Argument #1 ($string) must be of type string, array given in C:\xampp\htdocs\serviciosweb\p04\vendor\manoakys\nusoap\lib\class.wsdl.php:997
Stack trace:
#0 C:\xampp\htdocs\serviciosweb\p04\vendor\manoakys\nusoap\lib\class.wsdl.php(997): htmlspecialchars(Array)
#1 C:\xampp\htdocs\serviciosweb\p04\vendor\manoakys\nusoap\lib\class.soap_server.php(287): wsdl->serialize(false)
#2 C:\xampp\htdocs\serviciosweb\p04\producto.php(164): nusoap_server->service('')
#3 {main}
  thrown in C:\xampp\htdocs\serviciosweb\p04\vendor\manoakys\nusoap\lib\class.wsdl.php on line 997
[20-Sep-2023 19:02:31 America/Mexico_City] PHP Fatal error:  Uncaught TypeError: htmlspecialchars(): Argument #1 ($string) must be of type string, array given in C:\xampp\htdocs\serviciosweb\p04\vendor\manoakys\nusoap\lib\class.wsdl.php:997
Stack trace:
#0 C:\xampp\htdocs\serviciosweb\p04\vendor\manoakys\nusoap\lib\class.wsdl.php(997): htmlspecialchars(Array)
#1 C:\xampp\htdocs\serviciosweb\p04\vendor\manoakys\nusoap\lib\class.soap_server.php(287): wsdl->serialize(false)
#2 C:\xampp\htdocs\serviciosweb\p04\producto.php(164): nusoap_server->service('')
#3 {main}
  thrown in C:\xampp\htdocs\serviciosweb\p04\vendor\manoakys\nusoap\lib\class.wsdl.php on line 997
[20-Sep-2023 19:02:32 America/Mexico_City] PHP Fatal error:  Uncaught TypeError: htmlspecialchars(): Argument #1 ($string) must be of type string, array given in C:\xampp\htdocs\serviciosweb\p04\vendor\manoakys\nusoap\lib\class.wsdl.php:997
Stack trace:
#0 C:\xampp\htdocs\serviciosweb\p04\vendor\manoakys\nusoap\lib\class.wsdl.php(997): htmlspecialchars(Array)
#1 C:\xampp\htdocs\serviciosweb\p04\vendor\manoakys\nusoap\lib\class.soap_server.php(287): wsdl->serialize(false)
#2 C:\xampp\htdocs\serviciosweb\p04\producto.php(164): nusoap_server->service('')
#3 {main}
  thrown in C:\xampp\htdocs\serviciosweb\p04\vendor\manoakys\nusoap\lib\class.wsdl.php on line 997
[20-Sep-2023 19:02:32 America/Mexico_City] PHP Fatal error:  Uncaught TypeError: htmlspecialchars(): Argument #1 ($string) must be of type string, array given in C:\xampp\htdocs\serviciosweb\p04\vendor\manoakys\nusoap\lib\class.wsdl.php:997
Stack trace:
#0 C:\xampp\htdocs\serviciosweb\p04\vendor\manoakys\nusoap\lib\class.wsdl.php(997): htmlspecialchars(Array)
#1 C:\xampp\htdocs\serviciosweb\p04\vendor\manoakys\nusoap\lib\class.soap_server.php(287): wsdl->serialize(false)
#2 C:\xampp\htdocs\serviciosweb\p04\producto.php(164): nusoap_server->service('')
#3 {main}
  thrown in C:\xampp\htdocs\serviciosweb\p04\vendor\manoakys\nusoap\lib\class.wsdl.php on line 997
[20-Sep-2023 19:02:33 America/Mexico_City] PHP Fatal error:  Uncaught TypeError: htmlspecialchars(): Argument #1 ($string) must be of type string, array given in C:\xampp\htdocs\serviciosweb\p04\vendor\manoakys\nusoap\lib\class.wsdl.php:997
Stack trace:
#0 C:\xampp\htdocs\serviciosweb\p04\vendor\manoakys\nusoap\lib\class.wsdl.php(997): htmlspecialchars(Array)
#1 C:\xampp\htdocs\serviciosweb\p04\vendor\manoakys\nusoap\lib\class.soap_server.php(287): wsdl->serialize(false)
#2 C:\xampp\htdocs\serviciosweb\p04\producto.php(164): nusoap_server->service('')
#3 {main}
  thrown in C:\xampp\htdocs\serviciosweb\p04\vendor\manoakys\nusoap\lib\class.wsdl.php on line 997
[20-Sep-2023 19:20:43 America/Mexico_City] isbn: LIB001
[20-Sep-2023 19:20:43 America/Mexico_City] error: ISBN no existente
[20-Sep-2023 19:21:14 America/Mexico_City] isbn: COM001
[20-Sep-2023 19:21:14 America/Mexico_City] error: ISBN no existente
[20-Sep-2023 19:21:36 America/Mexico_City] isbn: 
[20-Sep-2023 19:21:36 America/Mexico_City] error: ISBN no valido, reingrese valor.
[20-Sep-2023 19:39:32 America/Mexico_City] isbn: lib001
[20-Sep-2023 19:39:32 America/Mexico_City] error: ISBN no existente
[20-Sep-2023 19:39:42 America/Mexico_City] isbn: LIB001
[20-Sep-2023 19:39:42 America/Mexico_City] error: ISBN no existente
[20-Sep-2023 19:43:12 America/Mexico_City] isbn: LIB001
[20-Sep-2023 19:43:12 America/Mexico_City] error: ISBN no existente
[20-Sep-2023 19:43:12 America/Mexico_City] response:
[20-Sep-2023 19:54:20 America/Mexico_City] isbn: LIB001
[20-Sep-2023 19:54:20 America/Mexico_City] error: ISBN no existente
[20-Sep-2023 19:55:56 America/Mexico_City] isbn: LIB001
[20-Sep-2023 19:55:56 America/Mexico_City] error: ISBN no existente
[20-Sep-2023 20:05:14 America/Mexico_City] isbn: LIB001
[20-Sep-2023 20:05:14 America/Mexico_City] error: ISBN no existente
[20-Sep-2023 20:05:50 America/Mexico_City] isbn: 
[20-Sep-2023 20:05:50 America/Mexico_City] error: ISBN no valido, reingrese valor.
[20-Sep-2023 20:06:05 America/Mexico_City] isbn: LIB001
[20-Sep-2023 20:06:05 America/Mexico_City] error: ISBN no existente
[20-Sep-2023 20:06:07 America/Mexico_City] isbn: LIB001
[20-Sep-2023 20:06:07 America/Mexico_City] error: ISBN no existente
[20-Sep-2023 20:11:25 America/Mexico_City] isbn: LIB001
[20-Sep-2023 20:11:25 America/Mexico_City] error: ISBN no existente
[20-Sep-2023 20:20:59 America/Mexico_City] PHP Fatal error:  Uncaught TypeError: in_array(): Argument #2 ($haystack) must be of type array, null given in C:\xampp\htdocs\serviciosweb\p04\producto.php:179
Stack trace:
#0 C:\xampp\htdocs\serviciosweb\p04\producto.php(179): in_array('LIB001', NULL)
#1 C:\xampp\htdocs\serviciosweb\p04\vendor\manoakys\nusoap\lib\class.soap_server.php(629): getDetails('LIB001')
#2 C:\xampp\htdocs\serviciosweb\p04\vendor\manoakys\nusoap\lib\class.soap_server.php(260): nusoap_server->invoke_method()
#3 C:\xampp\htdocs\serviciosweb\p04\producto.php(202): nusoap_server->service('<soapenv:Envelo...')
#4 {main}
  thrown in C:\xampp\htdocs\serviciosweb\p04\producto.php on line 179
[20-Sep-2023 20:21:40 America/Mexico_City] PHP Fatal error:  Uncaught TypeError: in_array(): Argument #2 ($haystack) must be of type array, null given in C:\xampp\htdocs\serviciosweb\p04\producto.php:179
Stack trace:
#0 C:\xampp\htdocs\serviciosweb\p04\producto.php(179): in_array('LIB001', NULL)
#1 C:\xampp\htdocs\serviciosweb\p04\vendor\manoakys\nusoap\lib\class.soap_server.php(629): getDetails('LIB001')
#2 C:\xampp\htdocs\serviciosweb\p04\vendor\manoakys\nusoap\lib\class.soap_server.php(260): nusoap_server->invoke_method()
#3 C:\xampp\htdocs\serviciosweb\p04\producto.php(202): nusoap_server->service('<soapenv:Envelo...')
#4 {main}
  thrown in C:\xampp\htdocs\serviciosweb\p04\producto.php on line 179
[20-Sep-2023 20:56:42 America/Mexico_City] isbn: LIB001
[20-Sep-2023 20:56:42 America/Mexico_City] error: No existe este recurso
[20-Sep-2023 20:57:30 America/Mexico_City] isbn: LIB001
[20-Sep-2023 20:57:30 America/Mexico_City] error: No existe este recurso
[20-Sep-2023 21:03:27 America/Mexico_City] isbn: LIB001
[20-Sep-2023 21:03:27 America/Mexico_City] error: No existe este recurso
[20-Sep-2023 21:03:46 America/Mexico_City] isbn: COM001
[20-Sep-2023 21:03:46 America/Mexico_City] error: No existe este recurso
[20-Sep-2023 21:04:50 America/Mexico_City] isbn: COM001
[20-Sep-2023 21:04:50 America/Mexico_City] error: No existe este recurso
[22-Sep-2023 11:39:52 America/Mexico_City] isbn: LIB001
[22-Sep-2023 11:39:52 America/Mexico_City] error: No existe este recurso
[22-Sep-2023 11:41:36 America/Mexico_City] isbn: LIB001
[22-Sep-2023 11:41:36 America/Mexico_City] error: No existe este recurso
[22-Sep-2023 20:30:01 America/Mexico_City] PHP Fatal error:  Uncaught TypeError: Cannot access offset of type string on string in C:\xampp\htdocs\serviciosweb\p04\producto.php:245
Stack trace:
#0 C:\xampp\htdocs\serviciosweb\p04\vendor\manoakys\nusoap\lib\class.soap_server.php(629): getDetails('pruebas1', 'lolsito', 'LIB001')
#1 C:\xampp\htdocs\serviciosweb\p04\vendor\manoakys\nusoap\lib\class.soap_server.php(260): nusoap_server->invoke_method()
#2 C:\xampp\htdocs\serviciosweb\p04\producto.php(273): nusoap_server->service('<soapenv:Envelo...')
#3 {main}
  thrown in C:\xampp\htdocs\serviciosweb\p04\producto.php on line 245
[22-Sep-2023 22:43:01 America/Mexico_City] categoria: mangos
[22-Sep-2023 22:43:01 America/Mexico_City] error: Array
[22-Sep-2023 22:43:28 America/Mexico_City] categoria: mangos
[22-Sep-2023 22:43:29 America/Mexico_City] error: Array
